<?xml version="1.0" encoding="UTF-8"?>
<coverage generated="1748133903818" clover="3.2.0">
  <project timestamp="1748133903818" name="All files">
    <metrics statements="7" coveredstatements="7" conditionals="2" coveredconditionals="2" methods="2" coveredmethods="2" elements="11" coveredelements="11" complexity="0" loc="7" ncloc="7" packages="1" files="1" classes="1"/>
    <file name="math.js" path="C:\Users\FRANK\Desktop\wachirawit\fullstack-roadmap-2025\course-fullstack-2025\day20-unit-testing-vitest\src\math.js">
      <metrics statements="7" coveredstatements="7" conditionals="2" coveredconditionals="2" methods="2" coveredmethods="2"/>
      <line num="1" count="1" type="cond" truecount="1" falsecount="0"/>
      <line num="2" count="1" type="stmt"/>
      <line num="3" count="1" type="stmt"/>
      <line num="4" count="1" type="stmt"/>
      <line num="5" count="1" type="cond" truecount="1" falsecount="0"/>
      <line num="6" count="1" type="stmt"/>
      <line num="7" count="1" type="stmt"/>
    </file>
  </project>
</coverage>
